Using pre-set license
Built from '2020.3/staging' branch; Version is '2020.3.16f1 (049d6eca3c44) revision 302446'; Using compiler version '192528614'; Build Type 'Release'
OS: 'Windows 10 Pro; OS build 19043.1237; Version 2009; 64bit' Language: 'en' Physical Memory: 16330 MB
BatchMode: 1, IsHumanControllingUs: 0, StartBugReporterOnCrash: 0, Is64bit: 1, IsPro: 0

 COMMAND LINE ARGUMENTS:
C:\Program Files\Unity\Hub\Editor\2020.3.16f1\Editor\Unity.exe
-adb2
-batchMode
-noUpm
-name
AssetImportWorker0
-projectPath
C:/Users/willb/Desktop/Computer as a Medium/Tutorial 1.5
-logFile
Logs/AssetImportWorker0.log
-srvPort
59523
Successfully changed project path to: C:/Users/willb/Desktop/Computer as a Medium/Tutorial 1.5
C:/Users/willb/Desktop/Computer as a Medium/Tutorial 1.5
Using Asset Import Pipeline V2.
Refreshing native plugins compatible for Editor in 43.83 ms, found 3 plugins.
Preloading 0 native plugins for Editor in 0.00 ms.
Initialize engine version: 2020.3.16f1 (049d6eca3c44)
[Subsystems] Discovering subsystems at path C:/Program Files/Unity/Hub/Editor/2020.3.16f1/Editor/Data/Resources/UnitySubsystems
[Subsystems] Discovering subsystems at path C:/Users/willb/Desktop/Computer as a Medium/Tutorial 1.5/Assets
GfxDevice: creating device client; threaded=0
Direct3D:
    Version:  Direct3D 11.0 [level 11.1]
    Renderer: NVIDIA GeForce RTX 2070 (ID=0x1f02)
    Vendor:   
    VRAM:     8031 MB
    Driver:   30.0.14.7212
Initialize mono
Mono path[0] = 'C:/Program Files/Unity/Hub/Editor/2020.3.16f1/Editor/Data/Managed'
Mono path[1] = 'C:/Program Files/Unity/Hub/Editor/2020.3.16f1/Editor/Data/MonoBleedingEdge/lib/mono/unityjit'
Mono config path = 'C:/Program Files/Unity/Hub/Editor/2020.3.16f1/Editor/Data/MonoBleedingEdge/etc'
Using monoOptions --debugger-agent=transport=dt_socket,embedding=1,server=y,suspend=n,address=127.0.0.1:56488
Begin MonoManager ReloadAssembly
Registering precompiled unity dll's ...
Register platform support module: C:/Program Files/Unity/Hub/Editor/2020.3.16f1/Editor/Data/PlaybackEngines/WebGLSupport/UnityEditor.WebGL.Extensions.dll
Register platform support module: C:/Program Files/Unity/Hub/Editor/2020.3.16f1/Editor/Data/PlaybackEngines/WindowsStandaloneSupport/UnityEditor.WindowsStandalone.Extensions.dll
Registered in 0.002838 seconds.
Native extension for WindowsStandalone target not found
Native extension for WebGL target not found
Refreshing native plugins compatible for Editor in 41.99 ms, found 3 plugins.
Preloading 0 native plugins for Editor in 0.00 ms.
Mono: successfully reloaded assembly
- Completed reload, in  1.304 seconds
Domain Reload Profiling:
	ReloadAssembly (1304ms)
		BeginReloadAssembly (56ms)
			ExecutionOrderSort (0ms)
			DisableScriptedObjects (0ms)
			BackupInstance (0ms)
			ReleaseScriptingObjects (0ms)
			CreateAndSetChildDomain (1ms)
		EndReloadAssembly (414ms)
			LoadAssemblies (54ms)
			RebuildTransferFunctionScriptingTraits (0ms)
			SetupTypeCache (150ms)
			ReleaseScriptCaches (0ms)
			RebuildScriptCaches (29ms)
			SetupLoadedEditorAssemblies (170ms)
				LogAssemblyErrors (0ms)
				InitializePlatformSupportModulesInManaged (5ms)
				SetLoadedEditorAssemblies (0ms)
				RefreshPlugins (42ms)
				BeforeProcessingInitializeOnLoad (12ms)
				ProcessInitializeOnLoadAttributes (82ms)
				ProcessInitializeOnLoadMethodAttributes (28ms)
				AfterProcessingInitializeOnLoad (0ms)
				EditorAssembliesLoaded (0ms)
			ExecutionOrderSort2 (0ms)
			AwakeInstancesAfterBackupRestoration (0ms)
Platform modules already initialized, skipping
Registering precompiled user dll's ...
Registered in 0.005111 seconds.
Begin MonoManager ReloadAssembly
Native extension for WindowsStandalone target not found
Native extension for WebGL target not found
Refreshing native plugins compatible for Editor in 43.75 ms, found 3 plugins.
Preloading 0 native plugins for Editor in 0.00 ms.
Mono: successfully reloaded assembly
- Completed reload, in  1.226 seconds
Domain Reload Profiling:
	ReloadAssembly (1227ms)
		BeginReloadAssembly (147ms)
			ExecutionOrderSort (0ms)
			DisableScriptedObjects (5ms)
			BackupInstance (0ms)
			ReleaseScriptingObjects (0ms)
			CreateAndSetChildDomain (17ms)
		EndReloadAssembly (1011ms)
			LoadAssemblies (95ms)
			RebuildTransferFunctionScriptingTraits (0ms)
			SetupTypeCache (292ms)
			ReleaseScriptCaches (1ms)
			RebuildScriptCaches (49ms)
			SetupLoadedEditorAssemblies (447ms)
				LogAssemblyErrors (0ms)
				InitializePlatformSupportModulesInManaged (5ms)
				SetLoadedEditorAssemblies (0ms)
				RefreshPlugins (44ms)
				BeforeProcessingInitializeOnLoad (89ms)
				ProcessInitializeOnLoadAttributes (286ms)
				ProcessInitializeOnLoadMethodAttributes (14ms)
				AfterProcessingInitializeOnLoad (9ms)
				EditorAssembliesLoaded (0ms)
			ExecutionOrderSort2 (0ms)
			AwakeInstancesAfterBackupRestoration (7ms)
Platform modules already initialized, skipping
========================================================================
Worker process is ready to serve import requests
Launched and connected shader compiler UnityShaderCompiler.exe after 0.05 seconds
Refreshing native plugins compatible for Editor in 0.45 ms, found 3 plugins.
Preloading 0 native plugins for Editor in 0.00 ms.
Unloading 2092 Unused Serialized files (Serialized files now loaded: 0)
System memory in use before: 93.1 MB.
System memory in use after: 93.1 MB.

Unloading 28 unused Assets to reduce memory usage. Loaded Objects now: 2529.
Total: 3.185900 ms (FindLiveObjects: 0.213100 ms CreateObjectMapping: 0.046100 ms MarkObjects: 2.850200 ms  DeleteObjects: 0.075700 ms)

AssetImportParameters requested are different than current active one (requested -> active):
  custom:framework-win-MediaFoundation: 216162199b28c13a410421893ffa2e32 -> 
  custom:video-decoder-ogg-theora: a1e56fd34408186e4bbccfd4996cb3dc -> 
  custom:container-muxer-webm: aa71ff27fc2769a1b78a27578f13a17b -> 
  custom:container-demuxer-webm: 4f35f7cbe854078d1ac9338744f61a02 -> 
  custom:container-demuxer-ogg: 62fdf1f143b41e24485cea50d1cbac27 -> 
  custom:video-encoder-webm-vp8: eb34c28f22e8b96e1ab97ce403110664 -> 
  custom:video-decoder-webm-vp8: 9c59270c3fd7afecdb556c50c9e8de78 -> 
  custom:audio-decoder-ogg-vorbis: bf7c407c2cedff20999df2af8eb42d56 -> 
  custom:audio-encoder-webm-vorbis: bf7c407c2cedff20999df2af8eb42d56 -> 
========================================================================
Received Import Request.
  path: Assets/Animations
  artifactKey: Guid(6efc046e1e1efec4b969657c34bc5bd4) Importer(815301076,1909f56bfc062723c751e8b465ee728b)
Start importing Assets/Animations using Guid(6efc046e1e1efec4b969657c34bc5bd4) Importer(815301076,1909f56bfc062723c751e8b465ee728b)  -> (artifact id: '5f80a2973edbe1c7ba2f71ed83488eb1') in 0.014613 seconds 
  Import took 0.017561 seconds .

========================================================================
Received Import Request.
  Time since last request: 1.979665 seconds.
  path: Assets/Sprites
  artifactKey: Guid(22160c921be81bd4093a4a61395da689) Importer(815301076,1909f56bfc062723c751e8b465ee728b)
Start importing Assets/Sprites using Guid(22160c921be81bd4093a4a61395da689) Importer(815301076,1909f56bfc062723c751e8b465ee728b)  -> (artifact id: '24b034c6cb7eb3ddea4ce5ed0d08233b') in 0.008157 seconds 
  Import took 0.011335 seconds .

========================================================================
Received Import Request.
  Time since last request: 41.447254 seconds.
  path: Assets/Scripts/Music.cs
  artifactKey: Guid(b6f2919c8e9d01a4a8e3dbc534492742) Importer(815301076,1909f56bfc062723c751e8b465ee728b)
Start importing Assets/Scripts/Music.cs using Guid(b6f2919c8e9d01a4a8e3dbc534492742) Importer(815301076,1909f56bfc062723c751e8b465ee728b)  -> (artifact id: 'de0e3566b9d3cbf17f410e10ff682f87') in 0.035063 seconds 
  Import took 0.038341 seconds .

========================================================================
Received Import Request.
  Time since last request: 11.230686 seconds.
  path: Assets/Scripts/CatController.cs
  artifactKey: Guid(b6f2919c8e9d01a4a8e3dbc534492742) Importer(815301076,1909f56bfc062723c751e8b465ee728b)
Start importing Assets/Scripts/CatController.cs using Guid(b6f2919c8e9d01a4a8e3dbc534492742) Importer(815301076,1909f56bfc062723c751e8b465ee728b)  -> (artifact id: '2203fc09159217874afe7d94b1869a82') in 0.006585 seconds 
  Import took 0.009920 seconds .

========================================================================
Received Prepare
Registering precompiled user dll's ...
Registered in 0.005492 seconds.
Begin MonoManager ReloadAssembly
Native extension for WindowsStandalone target not found
Native extension for WebGL target not found
Refreshing native plugins compatible for Editor in 0.47 ms, found 3 plugins.
Preloading 0 native plugins for Editor in 0.00 ms.
Mono: successfully reloaded assembly
- Completed reload, in  1.080 seconds
Domain Reload Profiling:
	ReloadAssembly (1081ms)
		BeginReloadAssembly (119ms)
			ExecutionOrderSort (0ms)
			DisableScriptedObjects (7ms)
			BackupInstance (0ms)
			ReleaseScriptingObjects (0ms)
			CreateAndSetChildDomain (34ms)
		EndReloadAssembly (893ms)
			LoadAssemblies (94ms)
			RebuildTransferFunctionScriptingTraits (0ms)
			SetupTypeCache (289ms)
			ReleaseScriptCaches (1ms)
			RebuildScriptCaches (42ms)
			SetupLoadedEditorAssemblies (365ms)
				LogAssemblyErrors (0ms)
				InitializePlatformSupportModulesInManaged (6ms)
				SetLoadedEditorAssemblies (0ms)
				RefreshPlugins (1ms)
				BeforeProcessingInitializeOnLoad (88ms)
				ProcessInitializeOnLoadAttributes (256ms)
				ProcessInitializeOnLoadMethodAttributes (5ms)
				AfterProcessingInitializeOnLoad (8ms)
				EditorAssembliesLoaded (0ms)
			ExecutionOrderSort2 (0ms)
			AwakeInstancesAfterBackupRestoration (11ms)
Platform modules already initialized, skipping
Refreshing native plugins compatible for Editor in 0.48 ms, found 3 plugins.
Preloading 0 native plugins for Editor in 0.00 ms.
Unloading 2082 Unused Serialized files (Serialized files now loaded: 0)
System memory in use before: 92.5 MB.
System memory in use after: 92.6 MB.

Unloading 16 unused Assets to reduce memory usage. Loaded Objects now: 2532.
Total: 3.172100 ms (FindLiveObjects: 0.212200 ms CreateObjectMapping: 0.045900 ms MarkObjects: 2.894000 ms  DeleteObjects: 0.019100 ms)

AssetImportParameters requested are different than current active one (requested -> active):
  custom:framework-win-MediaFoundation: 216162199b28c13a410421893ffa2e32 -> 
  custom:video-decoder-ogg-theora: a1e56fd34408186e4bbccfd4996cb3dc -> 
  custom:container-muxer-webm: aa71ff27fc2769a1b78a27578f13a17b -> 
  custom:container-demuxer-webm: 4f35f7cbe854078d1ac9338744f61a02 -> 
  custom:container-demuxer-ogg: 62fdf1f143b41e24485cea50d1cbac27 -> 
  custom:video-encoder-webm-vp8: eb34c28f22e8b96e1ab97ce403110664 -> 
  custom:video-decoder-webm-vp8: 9c59270c3fd7afecdb556c50c9e8de78 -> 
  custom:audio-decoder-ogg-vorbis: bf7c407c2cedff20999df2af8eb42d56 -> 
  custom:audio-encoder-webm-vorbis: bf7c407c2cedff20999df2af8eb42d56 -> 
========================================================================
Received Import Request.
  Time since last request: 47.022924 seconds.
  path: Assets/Scripts/CatController.cs
  artifactKey: Guid(b6f2919c8e9d01a4a8e3dbc534492742) Importer(815301076,1909f56bfc062723c751e8b465ee728b)
Start importing Assets/Scripts/CatController.cs using Guid(b6f2919c8e9d01a4a8e3dbc534492742) Importer(815301076,1909f56bfc062723c751e8b465ee728b)  -> (artifact id: '5f81b55053d21cc18a42f4e90da01311') in 0.005993 seconds 
  Import took 0.009392 seconds .

========================================================================
Received Prepare
Registering precompiled user dll's ...
Registered in 0.005937 seconds.
Begin MonoManager ReloadAssembly
Native extension for WindowsStandalone target not found
Native extension for WebGL target not found
Refreshing native plugins compatible for Editor in 0.47 ms, found 3 plugins.
Preloading 0 native plugins for Editor in 0.00 ms.
Mono: successfully reloaded assembly
- Completed reload, in  1.077 seconds
Domain Reload Profiling:
	ReloadAssembly (1078ms)
		BeginReloadAssembly (121ms)
			ExecutionOrderSort (0ms)
			DisableScriptedObjects (7ms)
			BackupInstance (0ms)
			ReleaseScriptingObjects (0ms)
			CreateAndSetChildDomain (34ms)
		EndReloadAssembly (889ms)
			LoadAssemblies (92ms)
			RebuildTransferFunctionScriptingTraits (0ms)
			SetupTypeCache (276ms)
			ReleaseScriptCaches (1ms)
			RebuildScriptCaches (41ms)
			SetupLoadedEditorAssemblies (372ms)
				LogAssemblyErrors (0ms)
				InitializePlatformSupportModulesInManaged (6ms)
				SetLoadedEditorAssemblies (0ms)
				RefreshPlugins (1ms)
				BeforeProcessingInitializeOnLoad (94ms)
				ProcessInitializeOnLoadAttributes (257ms)
				ProcessInitializeOnLoadMethodAttributes (5ms)
				AfterProcessingInitializeOnLoad (9ms)
				EditorAssembliesLoaded (0ms)
			ExecutionOrderSort2 (0ms)
			AwakeInstancesAfterBackupRestoration (11ms)
Platform modules already initialized, skipping
Refreshing native plugins compatible for Editor in 0.47 ms, found 3 plugins.
Preloading 0 native plugins for Editor in 0.00 ms.
Unloading 2082 Unused Serialized files (Serialized files now loaded: 0)
System memory in use before: 92.6 MB.
System memory in use after: 92.7 MB.

Unloading 16 unused Assets to reduce memory usage. Loaded Objects now: 2535.
Total: 3.314900 ms (FindLiveObjects: 0.238700 ms CreateObjectMapping: 0.052900 ms MarkObjects: 3.003000 ms  DeleteObjects: 0.018800 ms)

AssetImportParameters requested are different than current active one (requested -> active):
  custom:framework-win-MediaFoundation: 216162199b28c13a410421893ffa2e32 -> 
  custom:video-decoder-ogg-theora: a1e56fd34408186e4bbccfd4996cb3dc -> 
  custom:container-muxer-webm: aa71ff27fc2769a1b78a27578f13a17b -> 
  custom:container-demuxer-webm: 4f35f7cbe854078d1ac9338744f61a02 -> 
  custom:container-demuxer-ogg: 62fdf1f143b41e24485cea50d1cbac27 -> 
  custom:video-encoder-webm-vp8: eb34c28f22e8b96e1ab97ce403110664 -> 
  custom:video-decoder-webm-vp8: 9c59270c3fd7afecdb556c50c9e8de78 -> 
  custom:audio-decoder-ogg-vorbis: bf7c407c2cedff20999df2af8eb42d56 -> 
  custom:audio-encoder-webm-vorbis: bf7c407c2cedff20999df2af8eb42d56 -> 
========================================================================
Received Import Request.
  Time since last request: 109.941065 seconds.
  path: Assets/Sprites/Dead (1).png
  artifactKey: Guid(d9b3c66ac3be9334eaaa62c68780e1bf) Importer(815301076,1909f56bfc062723c751e8b465ee728b)
Start importing Assets/Sprites/Dead (1).png using Guid(d9b3c66ac3be9334eaaa62c68780e1bf) Importer(815301076,1909f56bfc062723c751e8b465ee728b)  -> (artifact id: 'b06f66ee3b9ce41fec3cdf9cf7f2eb2f') in 0.114047 seconds 
  Import took 0.117454 seconds .

========================================================================
Received Import Request.
  Time since last request: 0.000205 seconds.
  path: Assets/Sprites/Dead (6).png
  artifactKey: Guid(bf6f6e7458c25464eba6e097fe5e565c) Importer(815301076,1909f56bfc062723c751e8b465ee728b)
Start importing Assets/Sprites/Dead (6).png using Guid(bf6f6e7458c25464eba6e097fe5e565c) Importer(815301076,1909f56bfc062723c751e8b465ee728b)  -> (artifact id: '2dcb23ba755596a4a6b2e0614fbb1477') in 0.020276 seconds 
  Import took 0.023700 seconds .

========================================================================
Received Import Request.
  Time since last request: 0.000394 seconds.
  path: Assets/Sprites/Hurt (7).png
  artifactKey: Guid(1ab0ab7cdb14d294597511585ee13be1) Importer(815301076,1909f56bfc062723c751e8b465ee728b)
Start importing Assets/Sprites/Hurt (7).png using Guid(1ab0ab7cdb14d294597511585ee13be1) Importer(815301076,1909f56bfc062723c751e8b465ee728b)  -> (artifact id: '6ef6566ef1345a786f00d8330f675688') in 0.023443 seconds 
  Import took 0.028058 seconds .

========================================================================
Received Import Request.
  Time since last request: 0.000216 seconds.
  path: Assets/Sprites/Hurt (1).png
  artifactKey: Guid(5c71f5971cb6e42459e723ae9cc8dbfa) Importer(815301076,1909f56bfc062723c751e8b465ee728b)
Start importing Assets/Sprites/Hurt (1).png using Guid(5c71f5971cb6e42459e723ae9cc8dbfa) Importer(815301076,1909f56bfc062723c751e8b465ee728b)  -> (artifact id: '92b601f8571a17b4f99c3dba07a4ca41') in 0.015942 seconds 
  Import took 0.018894 seconds .

========================================================================
Received Import Request.
  Time since last request: 0.000238 seconds.
  path: Assets/Sprites/Fall (1).png
  artifactKey: Guid(4fd6963d32978924f902b18e0a2562b3) Importer(815301076,1909f56bfc062723c751e8b465ee728b)
Start importing Assets/Sprites/Fall (1).png using Guid(4fd6963d32978924f902b18e0a2562b3) Importer(815301076,1909f56bfc062723c751e8b465ee728b)  -> (artifact id: '83338581b7abb203789c801d03ee7b89') in 0.015069 seconds 
  Import took 0.018319 seconds .

========================================================================
Received Import Request.
  Time since last request: 0.000214 seconds.
  path: Assets/Sprites/Hurt (6).png
  artifactKey: Guid(d61f23e5f30317547a2b5b234da40e40) Importer(815301076,1909f56bfc062723c751e8b465ee728b)
Start importing Assets/Sprites/Hurt (6).png using Guid(d61f23e5f30317547a2b5b234da40e40) Importer(815301076,1909f56bfc062723c751e8b465ee728b)  -> (artifact id: '96360980d6f5ef0d62dcd59e3ec55514') in 0.016298 seconds 
  Import took 0.019829 seconds .

========================================================================
Received Import Request.
  Time since last request: 0.000203 seconds.
  path: Assets/Sprites/Dead (3).png
  artifactKey: Guid(dea9f88a1f443644dab2b03e94ff3e62) Importer(815301076,1909f56bfc062723c751e8b465ee728b)
Start importing Assets/Sprites/Dead (3).png using Guid(dea9f88a1f443644dab2b03e94ff3e62) Importer(815301076,1909f56bfc062723c751e8b465ee728b)  -> (artifact id: '699dfde2a0631685bda649671df1999d') in 0.016921 seconds 
  Import took 0.020688 seconds .

========================================================================
Received Import Request.
  Time since last request: 0.000247 seconds.
  path: Assets/Sprites/Dead (8).png
  artifactKey: Guid(ef91837f15710e041aa74b8728c8fb97) Importer(815301076,1909f56bfc062723c751e8b465ee728b)
Start importing Assets/Sprites/Dead (8).png using Guid(ef91837f15710e041aa74b8728c8fb97) Importer(815301076,1909f56bfc062723c751e8b465ee728b)  -> (artifact id: '7da830c4a8d9bb191d13f75f27deaa3a') in 0.016172 seconds 
  Import took 0.019275 seconds .

========================================================================
Received Import Request.
  Time since last request: 0.000156 seconds.
  path: Assets/Sprites/Dead (5).png
  artifactKey: Guid(dce87f6aa74e70d41ae9d81760e396ad) Importer(815301076,1909f56bfc062723c751e8b465ee728b)
Start importing Assets/Sprites/Dead (5).png using Guid(dce87f6aa74e70d41ae9d81760e396ad) Importer(815301076,1909f56bfc062723c751e8b465ee728b)  -> (artifact id: 'f85de5bce1dfa1132bbfd38fd70d3251') in 0.014559 seconds 
  Import took 0.017418 seconds .

========================================================================
Received Import Request.
  Time since last request: 0.000259 seconds.
  path: Assets/Sprites/Fall (3).png
  artifactKey: Guid(4250255a93003554b8deb3e235e68bf2) Importer(815301076,1909f56bfc062723c751e8b465ee728b)
Start importing Assets/Sprites/Fall (3).png using Guid(4250255a93003554b8deb3e235e68bf2) Importer(815301076,1909f56bfc062723c751e8b465ee728b)  -> (artifact id: 'f9a4fb6d5a8ad83b144cc698a39a87d8') in 0.015451 seconds 
  Import took 0.018358 seconds .

========================================================================
Received Import Request.
  Time since last request: 0.000172 seconds.
  path: Assets/Sprites/Hurt (3).png
  artifactKey: Guid(0d3aac536a6391c4384fec1da2d58d93) Importer(815301076,1909f56bfc062723c751e8b465ee728b)
Start importing Assets/Sprites/Hurt (3).png using Guid(0d3aac536a6391c4384fec1da2d58d93) Importer(815301076,1909f56bfc062723c751e8b465ee728b)  -> (artifact id: '72ba00345ddfeff71b6e504df993bb65') in 0.015651 seconds 
  Import took 0.018599 seconds .

========================================================================
Received Import Request.
  Time since last request: 0.000167 seconds.
  path: Assets/Sprites/Fall (2).png
  artifactKey: Guid(00e1f8618890af5438acf00f957afb5e) Importer(815301076,1909f56bfc062723c751e8b465ee728b)
Start importing Assets/Sprites/Fall (2).png using Guid(00e1f8618890af5438acf00f957afb5e) Importer(815301076,1909f56bfc062723c751e8b465ee728b)  -> (artifact id: 'c8c58570579a62a88709190d30a3bdf8') in 0.017667 seconds 
  Import took 0.020832 seconds .

========================================================================
Received Import Request.
  Time since last request: 0.000210 seconds.
  path: Assets/Sprites/Dead (4).png
  artifactKey: Guid(17c5abc4c307b744f9437e81ad7d2763) Importer(815301076,1909f56bfc062723c751e8b465ee728b)
Start importing Assets/Sprites/Dead (4).png using Guid(17c5abc4c307b744f9437e81ad7d2763) Importer(815301076,1909f56bfc062723c751e8b465ee728b)  -> (artifact id: 'd9f92ec0d6a8b60419632c23cde3f161') in 0.017824 seconds 
  Import took 0.021039 seconds .

========================================================================
Received Import Request.
  Time since last request: 0.000189 seconds.
  path: Assets/Sprites/Dead (9).png
  artifactKey: Guid(f03f453fd593835479c5891456c161fa) Importer(815301076,1909f56bfc062723c751e8b465ee728b)
Start importing Assets/Sprites/Dead (9).png using Guid(f03f453fd593835479c5891456c161fa) Importer(815301076,1909f56bfc062723c751e8b465ee728b)  -> (artifact id: '2c7e2931dac136721fcac17d8cb3348a') in 0.015818 seconds 
  Import took 0.018916 seconds .

========================================================================
Received Import Request.
  Time since last request: 0.000207 seconds.
  path: Assets/Sprites/Fall (8).png
  artifactKey: Guid(5bbf5d6d1c5c5e54fb18c7873fd53676) Importer(815301076,1909f56bfc062723c751e8b465ee728b)
Start importing Assets/Sprites/Fall (8).png using Guid(5bbf5d6d1c5c5e54fb18c7873fd53676) Importer(815301076,1909f56bfc062723c751e8b465ee728b)  -> (artifact id: 'd9a07df5f3647eb6708f6ff56f0ab9d8') in 0.017148 seconds 
  Import took 0.020449 seconds .

========================================================================
Received Import Request.
  Time since last request: 0.000200 seconds.
  path: Assets/Sprites/Fall (4).png
  artifactKey: Guid(f5178fb82a8b88d43bc72a1cf0ee5d6b) Importer(815301076,1909f56bfc062723c751e8b465ee728b)
Start importing Assets/Sprites/Fall (4).png using Guid(f5178fb82a8b88d43bc72a1cf0ee5d6b) Importer(815301076,1909f56bfc062723c751e8b465ee728b)  -> (artifact id: '2cf31b0c69d55e5b6eb4a878ca56e3dd') in 0.015836 seconds 
  Import took 0.019132 seconds .

========================================================================
Received Import Request.
  Time since last request: 0.000261 seconds.
  path: Assets/Sprites/Dead (10).png
  artifactKey: Guid(af20084322c9d6047b51b24875b7902f) Importer(815301076,1909f56bfc062723c751e8b465ee728b)
Start importing Assets/Sprites/Dead (10).png using Guid(af20084322c9d6047b51b24875b7902f) Importer(815301076,1909f56bfc062723c751e8b465ee728b)  -> (artifact id: 'bc8d57f7426d3f3119cb0ff1cc4bc09f') in 0.015632 seconds 
  Import took 0.018951 seconds .

========================================================================
Received Import Request.
  Time since last request: 0.000291 seconds.
  path: Assets/Sprites/Hurt (2).png
  artifactKey: Guid(9de81065e5d7adf488a914cb0db0b825) Importer(815301076,1909f56bfc062723c751e8b465ee728b)
Start importing Assets/Sprites/Hurt (2).png using Guid(9de81065e5d7adf488a914cb0db0b825) Importer(815301076,1909f56bfc062723c751e8b465ee728b)  -> (artifact id: 'e8f176f324a9df379c33976f6489e160') in 0.016223 seconds 
  Import took 0.019903 seconds .

========================================================================
Received Import Request.
  Time since last request: 0.000194 seconds.
  path: Assets/Sprites/Hurt (8).png
  artifactKey: Guid(5db35d975263a134caf18c8aa6cc7f14) Importer(815301076,1909f56bfc062723c751e8b465ee728b)
Start importing Assets/Sprites/Hurt (8).png using Guid(5db35d975263a134caf18c8aa6cc7f14) Importer(815301076,1909f56bfc062723c751e8b465ee728b)  -> (artifact id: '7b6449780e2f18f7c0909846cb3ac547') in 0.016519 seconds 
  Import took 0.019702 seconds .

========================================================================
Received Import Request.
  Time since last request: 0.000240 seconds.
  path: Assets/Sprites/Fall (7).png
  artifactKey: Guid(acb71dcd85b35054fa3dbd1ebe29b72b) Importer(815301076,1909f56bfc062723c751e8b465ee728b)
Start importing Assets/Sprites/Fall (7).png using Guid(acb71dcd85b35054fa3dbd1ebe29b72b) Importer(815301076,1909f56bfc062723c751e8b465ee728b)  -> (artifact id: '16ceadf4e854dcb26702d9274dfbb9fa') in 0.017023 seconds 
  Import took 0.020280 seconds .

========================================================================
Received Import Request.
  Time since last request: 0.000170 seconds.
  path: Assets/Sprites/Fall (5).png
  artifactKey: Guid(8c22c2956be9f044e8b36f831fe15bab) Importer(815301076,1909f56bfc062723c751e8b465ee728b)
Start importing Assets/Sprites/Fall (5).png using Guid(8c22c2956be9f044e8b36f831fe15bab) Importer(815301076,1909f56bfc062723c751e8b465ee728b)  -> (artifact id: '29e4fb85e3f1dbbbe3ff43ea56bc1a3e') in 0.015369 seconds 
  Import took 0.018603 seconds .

========================================================================
Received Import Request.
  Time since last request: 0.000232 seconds.
  path: Assets/Sprites/Fall (6).png
  artifactKey: Guid(4d8c96b41ae68f441a1ebec2ffea2574) Importer(815301076,1909f56bfc062723c751e8b465ee728b)
Start importing Assets/Sprites/Fall (6).png using Guid(4d8c96b41ae68f441a1ebec2ffea2574) Importer(815301076,1909f56bfc062723c751e8b465ee728b)  -> (artifact id: 'cc9edaa44ba45186a74c0bcb37a702a9') in 0.016771 seconds 
  Import took 0.020143 seconds .

========================================================================
Received Import Request.
  Time since last request: 0.000173 seconds.
  path: Assets/Sprites/Hurt (4).png
  artifactKey: Guid(3b94208ef336f17408736f670dca4fca) Importer(815301076,1909f56bfc062723c751e8b465ee728b)
Start importing Assets/Sprites/Hurt (4).png using Guid(3b94208ef336f17408736f670dca4fca) Importer(815301076,1909f56bfc062723c751e8b465ee728b)  -> (artifact id: '0d5cb8337ff74f0974ebcedb754bf289') in 0.017200 seconds 
  Import took 0.020206 seconds .

========================================================================
Received Import Request.
  Time since last request: 0.000233 seconds.
  path: Assets/Sprites/Dead (2).png
  artifactKey: Guid(ba49d5399d44ed1438edaa837ee75b2e) Importer(815301076,1909f56bfc062723c751e8b465ee728b)
Start importing Assets/Sprites/Dead (2).png using Guid(ba49d5399d44ed1438edaa837ee75b2e) Importer(815301076,1909f56bfc062723c751e8b465ee728b)  -> (artifact id: '38ee8ffee0f23135e328fef39276ac9c') in 0.015200 seconds 
  Import took 0.018890 seconds .

========================================================================
Received Import Request.
  Time since last request: 0.000225 seconds.
  path: Assets/Sprites/Dead (7).png
  artifactKey: Guid(13401f9c20391e2499fc00ba3d28693f) Importer(815301076,1909f56bfc062723c751e8b465ee728b)
Start importing Assets/Sprites/Dead (7).png using Guid(13401f9c20391e2499fc00ba3d28693f) Importer(815301076,1909f56bfc062723c751e8b465ee728b)  -> (artifact id: '4c3d31ad8134b8f43dfd7dc0bdf6e9fb') in 0.016049 seconds 
  Import took 0.019511 seconds .

========================================================================
Received Import Request.
  Time since last request: 0.000186 seconds.
  path: Assets/Sprites/Dead (2).png
  artifactKey: Guid(ba49d5399d44ed1438edaa837ee75b2e) Importer(815301076,1909f56bfc062723c751e8b465ee728b)
Start importing Assets/Sprites/Dead (2).png using Guid(ba49d5399d44ed1438edaa837ee75b2e) Importer(815301076,1909f56bfc062723c751e8b465ee728b)  -> (artifact id: '38ee8ffee0f23135e328fef39276ac9c') in 0.013639 seconds 
  Import took 0.016813 seconds .

========================================================================
Received Import Request.
  Time since last request: 0.000210 seconds.
  path: Assets/Sprites/Hurt (5).png
  artifactKey: Guid(2c3e83bd6a0f28f46848dcdaa305b9fd) Importer(815301076,1909f56bfc062723c751e8b465ee728b)
Start importing Assets/Sprites/Hurt (5).png using Guid(2c3e83bd6a0f28f46848dcdaa305b9fd) Importer(815301076,1909f56bfc062723c751e8b465ee728b)  -> (artifact id: '2b505ce3bc92551cefd0c60feb68966b') in 0.016370 seconds 
  Import took 0.019775 seconds .

========================================================================
Received Import Request.
  Time since last request: 9.780714 seconds.
  path: Assets/Sprites/Hurt (9).png
  artifactKey: Guid(255873c406b8bbb4d9cdaf0eecc6dbff) Importer(815301076,1909f56bfc062723c751e8b465ee728b)
Start importing Assets/Sprites/Hurt (9).png using Guid(255873c406b8bbb4d9cdaf0eecc6dbff) Importer(815301076,1909f56bfc062723c751e8b465ee728b)  -> (artifact id: '288286ef31ad005850f4cdfd0bded12e') in 0.014882 seconds 
  Import took 0.018177 seconds .

========================================================================
Received Import Request.
  Time since last request: 0.000218 seconds.
  path: Assets/Sprites/Hurt (10).png
  artifactKey: Guid(0c10f06499bbe824388ec1e3f6b92c41) Importer(815301076,1909f56bfc062723c751e8b465ee728b)
Start importing Assets/Sprites/Hurt (10).png using Guid(0c10f06499bbe824388ec1e3f6b92c41) Importer(815301076,1909f56bfc062723c751e8b465ee728b)  -> (artifact id: '30a8b02862d6a88d6f4efa4940654d78') in 0.014144 seconds 
  Import took 0.017320 seconds .

========================================================================
Received Import Request.
  Time since last request: 0.000369 seconds.
  path: Assets/Sprites/Hurt (9).png
  artifactKey: Guid(255873c406b8bbb4d9cdaf0eecc6dbff) Importer(815301076,1909f56bfc062723c751e8b465ee728b)
Start importing Assets/Sprites/Hurt (9).png using Guid(255873c406b8bbb4d9cdaf0eecc6dbff) Importer(815301076,1909f56bfc062723c751e8b465ee728b)  -> (artifact id: '288286ef31ad005850f4cdfd0bded12e') in 0.013775 seconds 
  Import took 0.017494 seconds .

========================================================================
Received Import Request.
  Time since last request: 0.000259 seconds.
  path: Assets/Sprites/Idle (5).png
  artifactKey: Guid(ffb921dd8d2b7b34e8e86f1c1f8482a5) Importer(815301076,1909f56bfc062723c751e8b465ee728b)
Start importing Assets/Sprites/Idle (5).png using Guid(ffb921dd8d2b7b34e8e86f1c1f8482a5) Importer(815301076,1909f56bfc062723c751e8b465ee728b)  -> (artifact id: 'f4fff00df70e115c43e00958bd67cdf9') in 0.016112 seconds 
  Import took 0.019797 seconds .

========================================================================
Received Import Request.
  Time since last request: 0.000253 seconds.
  path: Assets/Sprites/Idle (7).png
  artifactKey: Guid(cff92b7e57d8b054aa7db177b58268f4) Importer(815301076,1909f56bfc062723c751e8b465ee728b)
Start importing Assets/Sprites/Idle (7).png using Guid(cff92b7e57d8b054aa7db177b58268f4) Importer(815301076,1909f56bfc062723c751e8b465ee728b)  -> (artifact id: 'd29b9d7e717f9b38b7ed36514b6d0159') in 0.014743 seconds 
  Import took 0.017916 seconds .

========================================================================
Received Import Request.
  Time since last request: 0.000183 seconds.
  path: Assets/Sprites/Jump (4).png
  artifactKey: Guid(79027d1b168ddad4da7d880f808f8053) Importer(815301076,1909f56bfc062723c751e8b465ee728b)
Start importing Assets/Sprites/Jump (4).png using Guid(79027d1b168ddad4da7d880f808f8053) Importer(815301076,1909f56bfc062723c751e8b465ee728b)  -> (artifact id: '3053d56122e4576e99b633202a83d1df') in 0.017705 seconds 
  Import took 0.022865 seconds .

========================================================================
Received Import Request.
  Time since last request: 0.000194 seconds.
  path: Assets/Sprites/Idle (10).png
  artifactKey: Guid(16749877b282d884e9878a5e56b3edab) Importer(815301076,1909f56bfc062723c751e8b465ee728b)
Start importing Assets/Sprites/Idle (10).png using Guid(16749877b282d884e9878a5e56b3edab) Importer(815301076,1909f56bfc062723c751e8b465ee728b)  -> (artifact id: 'f2a9e4c68cfe7c2d94b17d476b824c54') in 0.023999 seconds 
  Import took 0.027212 seconds .

========================================================================
Received Import Request.
  Time since last request: 0.000195 seconds.
  path: Assets/Sprites/Run (4).png
  artifactKey: Guid(15cd4103cad44aa4db3b5b28650bd511) Importer(815301076,1909f56bfc062723c751e8b465ee728b)
Start importing Assets/Sprites/Run (4).png using Guid(15cd4103cad44aa4db3b5b28650bd511) Importer(815301076,1909f56bfc062723c751e8b465ee728b)  -> (artifact id: '7816fa2dabf20fa79b9ebaf1d7519b13') in 0.024170 seconds 
  Import took 0.027480 seconds .

========================================================================
Received Import Request.
  Time since last request: 0.000238 seconds.
  path: Assets/Sprites/Run (7).png
  artifactKey: Guid(b4057d76b5532f04f8f8566bf69406f9) Importer(815301076,1909f56bfc062723c751e8b465ee728b)
Start importing Assets/Sprites/Run (7).png using Guid(b4057d76b5532f04f8f8566bf69406f9) Importer(815301076,1909f56bfc062723c751e8b465ee728b)  -> (artifact id: '084075da6eae080cea9856976e97e3c3') in 0.019897 seconds 
  Import took 0.025339 seconds .

========================================================================
Received Import Request.
  Time since last request: 0.000191 seconds.
  path: Assets/Sprites/Slide (8).png
  artifactKey: Guid(fd80ef1d12efdd541bec1dcdbc93bc03) Importer(815301076,1909f56bfc062723c751e8b465ee728b)
Start importing Assets/Sprites/Slide (8).png using Guid(fd80ef1d12efdd541bec1dcdbc93bc03) Importer(815301076,1909f56bfc062723c751e8b465ee728b)  -> (artifact id: 'a7f3cec0e8bb9309885dd42efe578fff') in 0.017407 seconds 
  Import took 0.022596 seconds .

========================================================================
Received Import Request.
  Time since last request: 0.000207 seconds.
  path: Assets/Sprites/Slide (6).png
  artifactKey: Guid(0582efae4898d6f4383ba85ff7d7a4ed) Importer(815301076,1909f56bfc062723c751e8b465ee728b)
Start importing Assets/Sprites/Slide (6).png using Guid(0582efae4898d6f4383ba85ff7d7a4ed) Importer(815301076,1909f56bfc062723c751e8b465ee728b)  -> (artifact id: '37eb5f049ad56673402fa3c7a70597ea') in 0.015559 seconds 
  Import took 0.018790 seconds .

========================================================================
Received Import Request.
  Time since last request: 0.000216 seconds.
  path: Assets/Sprites/Walk (5).png
  artifactKey: Guid(1e22e6df11b3a0f4ba329111946aede8) Importer(815301076,1909f56bfc062723c751e8b465ee728b)
Start importing Assets/Sprites/Walk (5).png using Guid(1e22e6df11b3a0f4ba329111946aede8) Importer(815301076,1909f56bfc062723c751e8b465ee728b)  -> (artifact id: '505cb31e3a5e9b8001099ed3c2c31da4') in 0.015418 seconds 
  Import took 0.018516 seconds .

========================================================================
Received Import Request.
  Time since last request: 0.000174 seconds.
  path: Assets/Sprites/Walk (6).png
  artifactKey: Guid(123866b08d71f484c9846c529c2547e1) Importer(815301076,1909f56bfc062723c751e8b465ee728b)
Start importing Assets/Sprites/Walk (6).png using Guid(123866b08d71f484c9846c529c2547e1) Importer(815301076,1909f56bfc062723c751e8b465ee728b)  -> (artifact id: '46df96528f2d928598fbb3a6620d32ef') in 0.016219 seconds 
  Import took 0.019199 seconds .

========================================================================
Received Import Request.
  Time since last request: 0.000178 seconds.
  path: Assets/Sprites/Run (5).png
  artifactKey: Guid(e192c1ec8ee92014fbb54eb96d0d8188) Importer(815301076,1909f56bfc062723c751e8b465ee728b)
Start importing Assets/Sprites/Run (5).png using Guid(e192c1ec8ee92014fbb54eb96d0d8188) Importer(815301076,1909f56bfc062723c751e8b465ee728b)  -> (artifact id: '24225a133bbabc2c8e5fbb8937c4bd4e') in 0.022629 seconds 
  Import took 0.026057 seconds .

========================================================================
Received Import Request.
  Time since last request: 0.000296 seconds.
  path: Assets/Sprites/Run (3).png
  artifactKey: Guid(aded1be16be914848895bacc16f46bde) Importer(815301076,1909f56bfc062723c751e8b465ee728b)
Start importing Assets/Sprites/Run (3).png using Guid(aded1be16be914848895bacc16f46bde) Importer(815301076,1909f56bfc062723c751e8b465ee728b)  -> (artifact id: '40174c35b6ae362415db911c4b8ccded') in 0.018283 seconds 
  Import took 0.021590 seconds .

========================================================================
Received Import Request.
  Time since last request: 0.000182 seconds.
  path: Assets/Sprites/Hurt (10).png
  artifactKey: Guid(0c10f06499bbe824388ec1e3f6b92c41) Importer(815301076,1909f56bfc062723c751e8b465ee728b)
Start importing Assets/Sprites/Hurt (10).png using Guid(0c10f06499bbe824388ec1e3f6b92c41) Importer(815301076,1909f56bfc062723c751e8b465ee728b)  -> (artifact id: '30a8b02862d6a88d6f4efa4940654d78') in 0.015146 seconds 
  Import took 0.018582 seconds .

========================================================================
Received Import Request.
  Time since last request: 0.000203 seconds.
  path: Assets/Sprites/Jump (1).png
  artifactKey: Guid(a0f97e956a18fe44a86d043d2148a008) Importer(815301076,1909f56bfc062723c751e8b465ee728b)
Start importing Assets/Sprites/Jump (1).png using Guid(a0f97e956a18fe44a86d043d2148a008) Importer(815301076,1909f56bfc062723c751e8b465ee728b)  -> (artifact id: '594a983164ddb0398efa543423f59f9b') in 0.016098 seconds 
  Import took 0.019606 seconds .

========================================================================
Received Import Request.
  Time since last request: 0.000199 seconds.
  path: Assets/Sprites/Slide (2).png
  artifactKey: Guid(080ad517269d98242bd4bdb56ce66bd4) Importer(815301076,1909f56bfc062723c751e8b465ee728b)
Start importing Assets/Sprites/Slide (2).png using Guid(080ad517269d98242bd4bdb56ce66bd4) Importer(815301076,1909f56bfc062723c751e8b465ee728b)  -> (artifact id: '75aecdea711d515ece50df77654a1c48') in 0.015999 seconds 
  Import took 0.019476 seconds .

========================================================================
Received Import Request.
  Time since last request: 0.000187 seconds.
  path: Assets/Sprites/Run (1).png
  artifactKey: Guid(a613b18a61e699449a1a1fd228433a8e) Importer(815301076,1909f56bfc062723c751e8b465ee728b)
Start importing Assets/Sprites/Run (1).png using Guid(a613b18a61e699449a1a1fd228433a8e) Importer(815301076,1909f56bfc062723c751e8b465ee728b)  -> (artifact id: '82fb1bc92863c5726ac9c9d3c0157fe1') in 0.017929 seconds 
  Import took 0.021212 seconds .

========================================================================
Received Import Request.
  Time since last request: 0.000247 seconds.
  path: Assets/Sprites/Slide (10).png
  artifactKey: Guid(1e7ba8f71a4d29b4e8fd3a8cae2cf6af) Importer(815301076,1909f56bfc062723c751e8b465ee728b)
Start importing Assets/Sprites/Slide (10).png using Guid(1e7ba8f71a4d29b4e8fd3a8cae2cf6af) Importer(815301076,1909f56bfc062723c751e8b465ee728b)  -> (artifact id: 'f89a220e6089fba90ba85fabb517767d') in 0.015957 seconds 
  Import took 0.019309 seconds .

========================================================================
Received Import Request.
  Time since last request: 0.000258 seconds.
  path: Assets/Sprites/Idle (2).png
  artifactKey: Guid(17f365a2fd57e6d4caba403ee9ecfba5) Importer(815301076,1909f56bfc062723c751e8b465ee728b)
Start importing Assets/Sprites/Idle (2).png using Guid(17f365a2fd57e6d4caba403ee9ecfba5) Importer(815301076,1909f56bfc062723c751e8b465ee728b)  -> (artifact id: '59b61f1761d4025db2729b346531e549') in 0.016551 seconds 
  Import took 0.019763 seconds .

========================================================================
Received Import Request.
  Time since last request: 0.000170 seconds.
  path: Assets/Sprites/Idle (4).png
  artifactKey: Guid(0dada75286aad7a4fa48ad0e2c97f582) Importer(815301076,1909f56bfc062723c751e8b465ee728b)
Start importing Assets/Sprites/Idle (4).png using Guid(0dada75286aad7a4fa48ad0e2c97f582) Importer(815301076,1909f56bfc062723c751e8b465ee728b)  -> (artifact id: '30fd8886eb9499b4419541813211ebb4') in 0.015447 seconds 
  Import took 0.018508 seconds .

========================================================================
Received Import Request.
  Time since last request: 0.000206 seconds.
  path: Assets/Sprites/Idle (9).png
  artifactKey: Guid(235468514cc8ee14ab74a48bf0cb2013) Importer(815301076,1909f56bfc062723c751e8b465ee728b)
Start importing Assets/Sprites/Idle (9).png using Guid(235468514cc8ee14ab74a48bf0cb2013) Importer(815301076,1909f56bfc062723c751e8b465ee728b)  -> (artifact id: '3c8801678712d155f8ff283f8bf25218') in 0.015993 seconds 
  Import took 0.019107 seconds .

========================================================================
Received Import Request.
  Time since last request: 0.000226 seconds.
  path: Assets/Sprites/Idle (8).png
  artifactKey: Guid(77579c61ec6ef924ab2dbad3f2df586e) Importer(815301076,1909f56bfc062723c751e8b465ee728b)
Start importing Assets/Sprites/Idle (8).png using Guid(77579c61ec6ef924ab2dbad3f2df586e) Importer(815301076,1909f56bfc062723c751e8b465ee728b)  -> (artifact id: '0938b869b52a1f28d74ae747d849e293') in 0.015748 seconds 
  Import took 0.018865 seconds .

========================================================================
Received Import Request.
  Time since last request: 0.000179 seconds.
  path: Assets/Sprites/Run (2).png
  artifactKey: Guid(c01049dc5c205bb4aa826df1606dd3c2) Importer(815301076,1909f56bfc062723c751e8b465ee728b)
Start importing Assets/Sprites/Run (2).png using Guid(c01049dc5c205bb4aa826df1606dd3c2) Importer(815301076,1909f56bfc062723c751e8b465ee728b)  -> (artifact id: '8c8e374db22b51055ea27cf3cb0b0570') in 0.014684 seconds 
  Import took 0.017792 seconds .

========================================================================
Received Import Request.
  Time since last request: 0.000231 seconds.
  path: Assets/Sprites/Jump (8).png
  artifactKey: Guid(faabed7af972cd945b52f515f3b940a6) Importer(815301076,1909f56bfc062723c751e8b465ee728b)
Start importing Assets/Sprites/Jump (8).png using Guid(faabed7af972cd945b52f515f3b940a6) Importer(815301076,1909f56bfc062723c751e8b465ee728b)  -> (artifact id: '2adc1246047abd13cc5e95f3d0fb67a2') in 0.017308 seconds 
  Import took 0.020531 seconds .

========================================================================
Received Import Request.
  Time since last request: 0.000166 seconds.
  path: Assets/Sprites/Jump (7).png
  artifactKey: Guid(2b75ff855350dbe4ca2b91a2a2b95585) Importer(815301076,1909f56bfc062723c751e8b465ee728b)
Start importing Assets/Sprites/Jump (7).png using Guid(2b75ff855350dbe4ca2b91a2a2b95585) Importer(815301076,1909f56bfc062723c751e8b465ee728b)  -> (artifact id: 'd2fd52aab41761a30030781d4ac5f0c0') in 0.014758 seconds 
  Import took 0.017709 seconds .

========================================================================
Received Import Request.
  Time since last request: 0.000168 seconds.
  path: Assets/Sprites/Walk (7).png
  artifactKey: Guid(a673d57700b082d4687281e20e3aac5a) Importer(815301076,1909f56bfc062723c751e8b465ee728b)
Start importing Assets/Sprites/Walk (7).png using Guid(a673d57700b082d4687281e20e3aac5a) Importer(815301076,1909f56bfc062723c751e8b465ee728b)  -> (artifact id: 'a708d523e5cf765e238e68ea970fd0fc') in 0.016451 seconds 
  Import took 0.019368 seconds .

========================================================================
Received Import Request.
  Time since last request: 0.000197 seconds.
  path: Assets/Sprites/Slide (9).png
  artifactKey: Guid(baca83a0fb5631f4cbbdde8a53a4dacc) Importer(815301076,1909f56bfc062723c751e8b465ee728b)
Start importing Assets/Sprites/Slide (9).png using Guid(baca83a0fb5631f4cbbdde8a53a4dacc) Importer(815301076,1909f56bfc062723c751e8b465ee728b)  -> (artifact id: 'f9e463d1597d5e6ea5ca9a8883d8f6f5') in 0.015925 seconds 
  Import took 0.019355 seconds .

========================================================================
Received Import Request.
  Time since last request: 0.000218 seconds.
  path: Assets/Sprites/Run (8).png
  artifactKey: Guid(5e03ae97c69fcac4d8887c6dd7ae5390) Importer(815301076,1909f56bfc062723c751e8b465ee728b)
Start importing Assets/Sprites/Run (8).png using Guid(5e03ae97c69fcac4d8887c6dd7ae5390) Importer(815301076,1909f56bfc062723c751e8b465ee728b)  -> (artifact id: '24c509e9588642dbe5805bf47728190c') in 0.016651 seconds 
  Import took 0.020213 seconds .

========================================================================
Received Import Request.
  Time since last request: 0.000213 seconds.
  path: Assets/Sprites/Walk (2).png
  artifactKey: Guid(17c44b1aad0a3db4f81da3c1dc53618e) Importer(815301076,1909f56bfc062723c751e8b465ee728b)
Start importing Assets/Sprites/Walk (2).png using Guid(17c44b1aad0a3db4f81da3c1dc53618e) Importer(815301076,1909f56bfc062723c751e8b465ee728b)  -> (artifact id: '2edbeb42a77bf891df40a4e72610ab43') in 0.015003 seconds 
  Import took 0.018284 seconds .

========================================================================
Received Import Request.
  Time since last request: 0.000207 seconds.
  path: Assets/Sprites/Slide (5).png
  artifactKey: Guid(4561947048e8542409dcdcb37bc35719) Importer(815301076,1909f56bfc062723c751e8b465ee728b)
Start importing Assets/Sprites/Slide (5).png using Guid(4561947048e8542409dcdcb37bc35719) Importer(815301076,1909f56bfc062723c751e8b465ee728b)  -> (artifact id: '22c7a81db9118ea050a934f564d764ce') in 0.013973 seconds 
  Import took 0.016917 seconds .

========================================================================
Received Import Request.
  Time since last request: 0.000167 seconds.
  path: Assets/Sprites/Walk (3).png
  artifactKey: Guid(286bb93b9d121b048bf973e9277b7c7f) Importer(815301076,1909f56bfc062723c751e8b465ee728b)
Start importing Assets/Sprites/Walk (3).png using Guid(286bb93b9d121b048bf973e9277b7c7f) Importer(815301076,1909f56bfc062723c751e8b465ee728b)  -> (artifact id: 'a4824fe64cc6e4560694f50e27bb587e') in 0.016686 seconds 
  Import took 0.019596 seconds .

========================================================================
Received Import Request.
  Time since last request: 0.000156 seconds.
  path: Assets/Sprites/Slide (3).png
  artifactKey: Guid(fd77fa8e904889c4b95da7ab01b1cd3e) Importer(815301076,1909f56bfc062723c751e8b465ee728b)
Start importing Assets/Sprites/Slide (3).png using Guid(fd77fa8e904889c4b95da7ab01b1cd3e) Importer(815301076,1909f56bfc062723c751e8b465ee728b)  -> (artifact id: 'ecb7dd0e00e541a543d32a1be71d6829') in 0.015374 seconds 
  Import took 0.018412 seconds .

========================================================================
Received Import Request.
  Time since last request: 0.000178 seconds.
  path: Assets/Sprites/Walk (9).png
  artifactKey: Guid(280c9dd983f92cb4aa724f6e84cabba1) Importer(815301076,1909f56bfc062723c751e8b465ee728b)
Start importing Assets/Sprites/Walk (9).png using Guid(280c9dd983f92cb4aa724f6e84cabba1) Importer(815301076,1909f56bfc062723c751e8b465ee728b)  -> (artifact id: 'a75bf767627fc5f7cb6a64b9df1415ec') in 0.016614 seconds 
  Import took 0.019445 seconds .

========================================================================
Received Import Request.
  Time since last request: 0.000265 seconds.
  path: Assets/Sprites/Slide (3).png
  artifactKey: Guid(fd77fa8e904889c4b95da7ab01b1cd3e) Importer(815301076,1909f56bfc062723c751e8b465ee728b)
Start importing Assets/Sprites/Slide (3).png using Guid(fd77fa8e904889c4b95da7ab01b1cd3e) Importer(815301076,1909f56bfc062723c751e8b465ee728b)  -> (artifact id: 'ecb7dd0e00e541a543d32a1be71d6829') in 0.016561 seconds 
  Import took 0.019705 seconds .

========================================================================
Received Import Request.
  Time since last request: 0.000239 seconds.
  path: Assets/Sprites/Walk (4).png
  artifactKey: Guid(12709a13d0ce2fe4daebd3bf53e3058a) Importer(815301076,1909f56bfc062723c751e8b465ee728b)
Start importing Assets/Sprites/Walk (4).png using Guid(12709a13d0ce2fe4daebd3bf53e3058a) Importer(815301076,1909f56bfc062723c751e8b465ee728b)  -> (artifact id: 'da86063d7fa7580e7b4f8ed47cb888dc') in 0.015256 seconds 
  Import took 0.018548 seconds .

========================================================================
Received Import Request.
  Time since last request: 0.000230 seconds.
  path: Assets/Sprites/Jump (3).png
  artifactKey: Guid(2b1361f54f314b040a509e95d4cec144) Importer(815301076,1909f56bfc062723c751e8b465ee728b)
Start importing Assets/Sprites/Jump (3).png using Guid(2b1361f54f314b040a509e95d4cec144) Importer(815301076,1909f56bfc062723c751e8b465ee728b)  -> (artifact id: '8ceabbb4df6aba5934a806b6783cde14') in 0.014540 seconds 
  Import took 0.017843 seconds .

========================================================================
Received Import Request.
  Time since last request: 0.000180 seconds.
  path: Assets/Sprites/Walk (8).png
  artifactKey: Guid(5d9cb9db8b9600744a19fd5c915b8295) Importer(815301076,1909f56bfc062723c751e8b465ee728b)
Start importing Assets/Sprites/Walk (8).png using Guid(5d9cb9db8b9600744a19fd5c915b8295) Importer(815301076,1909f56bfc062723c751e8b465ee728b)  -> (artifact id: 'ba4d40de64202645441d212753dbe113') in 0.014611 seconds 
  Import took 0.017709 seconds .

========================================================================
Received Import Request.
  Time since last request: 0.000171 seconds.
  path: Assets/Sprites/Run (6).png
  artifactKey: Guid(35931fabf38af5c4cb5ab7be009a4714) Importer(815301076,1909f56bfc062723c751e8b465ee728b)
Start importing Assets/Sprites/Run (6).png using Guid(35931fabf38af5c4cb5ab7be009a4714) Importer(815301076,1909f56bfc062723c751e8b465ee728b)  -> (artifact id: 'eb4c3da596a0fc3c54317f5d3773847b') in 0.014953 seconds 
  Import took 0.018052 seconds .

========================================================================
Received Import Request.
  Time since last request: 0.000186 seconds.
  path: Assets/Sprites/Idle (6).png
  artifactKey: Guid(1c3d05361548a094983b433bf7b770f7) Importer(815301076,1909f56bfc062723c751e8b465ee728b)
Start importing Assets/Sprites/Idle (6).png using Guid(1c3d05361548a094983b433bf7b770f7) Importer(815301076,1909f56bfc062723c751e8b465ee728b)  -> (artifact id: 'e41225bc19747f4d39d7a8c0317f4d98') in 0.016666 seconds 
  Import took 0.019781 seconds .

========================================================================
Received Import Request.
  Time since last request: 0.000163 seconds.
  path: Assets/Sprites/Slide (1).png
  artifactKey: Guid(cd45f04685316424ebb4a5232b82b6aa) Importer(815301076,1909f56bfc062723c751e8b465ee728b)
Start importing Assets/Sprites/Slide (1).png using Guid(cd45f04685316424ebb4a5232b82b6aa) Importer(815301076,1909f56bfc062723c751e8b465ee728b)  -> (artifact id: '121c26353ad9d9c84782ca2597df0ca9') in 0.014771 seconds 
  Import took 0.018242 seconds .

========================================================================
Received Import Request.
  Time since last request: 0.000164 seconds.
  path: Assets/Sprites/Slide (7).png
  artifactKey: Guid(87d8142503d3bae48ac49a670cb4695a) Importer(815301076,1909f56bfc062723c751e8b465ee728b)
Start importing Assets/Sprites/Slide (7).png using Guid(87d8142503d3bae48ac49a670cb4695a) Importer(815301076,1909f56bfc062723c751e8b465ee728b)  -> (artifact id: '9cafc0626f0f6414362c3feb394642e7') in 0.016762 seconds 
  Import took 0.019615 seconds .

========================================================================
Received Import Request.
  Time since last request: 0.000209 seconds.
  path: Assets/Sprites/Slide (4).png
  artifactKey: Guid(96711b58d70560c45bcde59adc728274) Importer(815301076,1909f56bfc062723c751e8b465ee728b)
Start importing Assets/Sprites/Slide (4).png using Guid(96711b58d70560c45bcde59adc728274) Importer(815301076,1909f56bfc062723c751e8b465ee728b)  -> (artifact id: 'eb4e83b9c0eeffa9ddd8038425263a04') in 0.017789 seconds 
  Import took 0.021110 seconds .

========================================================================
Received Import Request.
  Time since last request: 0.000185 seconds.
  path: Assets/Sprites/Walk (1).png
  artifactKey: Guid(d2b2ea157014d724688931c9d2fff053) Importer(815301076,1909f56bfc062723c751e8b465ee728b)
Start importing Assets/Sprites/Walk (1).png using Guid(d2b2ea157014d724688931c9d2fff053) Importer(815301076,1909f56bfc062723c751e8b465ee728b)  -> (artifact id: 'ed38626801c6fac6a7fab8e11a9c92e6') in 0.015721 seconds 
  Import took 0.018530 seconds .

========================================================================
Received Import Request.
  Time since last request: 0.000175 seconds.
  path: Assets/Sprites/Idle (3).png
  artifactKey: Guid(9e09f30fc232baa4484649639f8e0a98) Importer(815301076,1909f56bfc062723c751e8b465ee728b)
Start importing Assets/Sprites/Idle (3).png using Guid(9e09f30fc232baa4484649639f8e0a98) Importer(815301076,1909f56bfc062723c751e8b465ee728b)  -> (artifact id: '893d56281d35aba7f3d3ced9460b3256') in 0.015865 seconds 
  Import took 0.018800 seconds .

========================================================================
Received Import Request.
  Time since last request: 0.000224 seconds.
  path: Assets/Sprites/Jump (6).png
  artifactKey: Guid(8c6d1330b249a5d418e54cd840d92ccf) Importer(815301076,1909f56bfc062723c751e8b465ee728b)
Start importing Assets/Sprites/Jump (6).png using Guid(8c6d1330b249a5d418e54cd840d92ccf) Importer(815301076,1909f56bfc062723c751e8b465ee728b)  -> (artifact id: '61a23f148bb0231fd69444fd91d64838') in 0.015579 seconds 
  Import took 0.019270 seconds .

========================================================================
Received Import Request.
  Time since last request: 0.000207 seconds.
  path: Assets/Sprites/Walk (10).png
  artifactKey: Guid(e810cc95630ab4942ab3a04f10199c4b) Importer(815301076,1909f56bfc062723c751e8b465ee728b)
Start importing Assets/Sprites/Walk (10).png using Guid(e810cc95630ab4942ab3a04f10199c4b) Importer(815301076,1909f56bfc062723c751e8b465ee728b)  -> (artifact id: '7ac570ff30bc41a2a29c12d5456e566b') in 0.015358 seconds 
  Import took 0.018575 seconds .

========================================================================
Received Import Request.
  Time since last request: 0.000238 seconds.
  path: Assets/Sprites/Jump (5).png
  artifactKey: Guid(939868e02f288d34581fad94184afb35) Importer(815301076,1909f56bfc062723c751e8b465ee728b)
Start importing Assets/Sprites/Jump (5).png using Guid(939868e02f288d34581fad94184afb35) Importer(815301076,1909f56bfc062723c751e8b465ee728b)  -> (artifact id: '9d5476773e72fab752eccc7a46666f69') in 0.014434 seconds 
  Import took 0.017712 seconds .

========================================================================
Received Import Request.
  Time since last request: 0.000247 seconds.
  path: Assets/Sprites/Jump (2).png
  artifactKey: Guid(1174ff848ce4ddb4dbed8033b8d121a8) Importer(815301076,1909f56bfc062723c751e8b465ee728b)
Start importing Assets/Sprites/Jump (2).png using Guid(1174ff848ce4ddb4dbed8033b8d121a8) Importer(815301076,1909f56bfc062723c751e8b465ee728b)  -> (artifact id: '4a818bf5f3a93bc147738c656a38e696') in 0.016974 seconds 
  Import took 0.020270 seconds .

========================================================================
Received Import Request.
  Time since last request: 0.000218 seconds.
  path: Assets/Sprites/Idle (1).png
  artifactKey: Guid(2f2eccd4e00c4fb498d19c762d8d4b65) Importer(815301076,1909f56bfc062723c751e8b465ee728b)
Start importing Assets/Sprites/Idle (1).png using Guid(2f2eccd4e00c4fb498d19c762d8d4b65) Importer(815301076,1909f56bfc062723c751e8b465ee728b)  -> (artifact id: '47a8e8569a91248d2dcca8fa09a95117') in 0.014780 seconds 
  Import took 0.018317 seconds .

========================================================================
Received Prepare
Registering precompiled user dll's ...
Registered in 0.005372 seconds.
Begin MonoManager ReloadAssembly
Native extension for WindowsStandalone target not found
Native extension for WebGL target not found
Refreshing native plugins compatible for Editor in 0.48 ms, found 3 plugins.
Preloading 0 native plugins for Editor in 0.00 ms.
Mono: successfully reloaded assembly
- Completed reload, in  1.125 seconds
Domain Reload Profiling:
	ReloadAssembly (1126ms)
		BeginReloadAssembly (119ms)
			ExecutionOrderSort (0ms)
			DisableScriptedObjects (6ms)
			BackupInstance (0ms)
			ReleaseScriptingObjects (0ms)
			CreateAndSetChildDomain (34ms)
		EndReloadAssembly (938ms)
			LoadAssemblies (92ms)
			RebuildTransferFunctionScriptingTraits (0ms)
			SetupTypeCache (306ms)
			ReleaseScriptCaches (1ms)
			RebuildScriptCaches (47ms)
			SetupLoadedEditorAssemblies (378ms)
				LogAssemblyErrors (0ms)
				InitializePlatformSupportModulesInManaged (6ms)
				SetLoadedEditorAssemblies (0ms)
				RefreshPlugins (1ms)
				BeforeProcessingInitializeOnLoad (91ms)
				ProcessInitializeOnLoadAttributes (266ms)
				ProcessInitializeOnLoadMethodAttributes (5ms)
				AfterProcessingInitializeOnLoad (8ms)
				EditorAssembliesLoaded (0ms)
			ExecutionOrderSort2 (0ms)
			AwakeInstancesAfterBackupRestoration (11ms)
Platform modules already initialized, skipping
Refreshing native plugins compatible for Editor in 0.49 ms, found 3 plugins.
Preloading 0 native plugins for Editor in 0.00 ms.
Unloading 2082 Unused Serialized files (Serialized files now loaded: 0)
System memory in use before: 95.6 MB.
System memory in use after: 95.7 MB.

Unloading 16 unused Assets to reduce memory usage. Loaded Objects now: 2546.
Total: 3.520400 ms (FindLiveObjects: 0.228300 ms CreateObjectMapping: 0.046500 ms MarkObjects: 3.219100 ms  DeleteObjects: 0.024700 ms)

AssetImportParameters requested are different than current active one (requested -> active):
  custom:framework-win-MediaFoundation: 216162199b28c13a410421893ffa2e32 -> 
  custom:video-decoder-ogg-theora: a1e56fd34408186e4bbccfd4996cb3dc -> 
  custom:container-muxer-webm: aa71ff27fc2769a1b78a27578f13a17b -> 
  custom:container-demuxer-webm: 4f35f7cbe854078d1ac9338744f61a02 -> 
  custom:container-demuxer-ogg: 62fdf1f143b41e24485cea50d1cbac27 -> 
  custom:video-encoder-webm-vp8: eb34c28f22e8b96e1ab97ce403110664 -> 
  custom:video-decoder-webm-vp8: 9c59270c3fd7afecdb556c50c9e8de78 -> 
  custom:audio-decoder-ogg-vorbis: bf7c407c2cedff20999df2af8eb42d56 -> 
  custom:audio-encoder-webm-vorbis: bf7c407c2cedff20999df2af8eb42d56 -> 
========================================================================
Received Prepare
Registering precompiled user dll's ...
Registered in 0.005228 seconds.
Begin MonoManager ReloadAssembly
Native extension for WindowsStandalone target not found
Native extension for WebGL target not found
Refreshing native plugins compatible for Editor in 0.53 ms, found 3 plugins.
Preloading 0 native plugins for Editor in 0.00 ms.
Mono: successfully reloaded assembly
- Completed reload, in  1.196 seconds
Domain Reload Profiling:
	ReloadAssembly (1196ms)
		BeginReloadAssembly (135ms)
			ExecutionOrderSort (0ms)
			DisableScriptedObjects (7ms)
			BackupInstance (0ms)
			ReleaseScriptingObjects (0ms)
			CreateAndSetChildDomain (37ms)
		EndReloadAssembly (978ms)
			LoadAssemblies (111ms)
			RebuildTransferFunctionScriptingTraits (0ms)
			SetupTypeCache (319ms)
			ReleaseScriptCaches (1ms)
			RebuildScriptCaches (46ms)
			SetupLoadedEditorAssemblies (397ms)
				LogAssemblyErrors (0ms)
				InitializePlatformSupportModulesInManaged (6ms)
				SetLoadedEditorAssemblies (0ms)
				RefreshPlugins (1ms)
				BeforeProcessingInitializeOnLoad (100ms)
				ProcessInitializeOnLoadAttributes (276ms)
				ProcessInitializeOnLoadMethodAttributes (5ms)
				AfterProcessingInitializeOnLoad (8ms)
				EditorAssembliesLoaded (0ms)
			ExecutionOrderSort2 (0ms)
			AwakeInstancesAfterBackupRestoration (11ms)
Platform modules already initialized, skipping
Refreshing native plugins compatible for Editor in 0.65 ms, found 3 plugins.
Preloading 0 native plugins for Editor in 0.00 ms.
Unloading 2082 Unused Serialized files (Serialized files now loaded: 0)
System memory in use before: 95.6 MB.
System memory in use after: 95.7 MB.

Unloading 16 unused Assets to reduce memory usage. Loaded Objects now: 2549.
Total: 3.608900 ms (FindLiveObjects: 0.286400 ms CreateObjectMapping: 0.060000 ms MarkObjects: 3.238200 ms  DeleteObjects: 0.022600 ms)

AssetImportParameters requested are different than current active one (requested -> active):
  custom:framework-win-MediaFoundation: 216162199b28c13a410421893ffa2e32 -> 
  custom:video-decoder-ogg-theora: a1e56fd34408186e4bbccfd4996cb3dc -> 
  custom:container-muxer-webm: aa71ff27fc2769a1b78a27578f13a17b -> 
  custom:container-demuxer-webm: 4f35f7cbe854078d1ac9338744f61a02 -> 
  custom:container-demuxer-ogg: 62fdf1f143b41e24485cea50d1cbac27 -> 
  custom:video-encoder-webm-vp8: eb34c28f22e8b96e1ab97ce403110664 -> 
  custom:video-decoder-webm-vp8: 9c59270c3fd7afecdb556c50c9e8de78 -> 
  custom:audio-decoder-ogg-vorbis: bf7c407c2cedff20999df2af8eb42d56 -> 
  custom:audio-encoder-webm-vorbis: bf7c407c2cedff20999df2af8eb42d56 -> 
========================================================================
Received Import Request.
  Time since last request: 1209.202861 seconds.
  path: Assets/Animations/Idle (1).controller
  artifactKey: Guid(db00188b82cd4ba4d8eb7b8581bd82c7) Importer(815301076,1909f56bfc062723c751e8b465ee728b)
Start importing Assets/Animations/Idle (1).controller using Guid(db00188b82cd4ba4d8eb7b8581bd82c7) Importer(815301076,1909f56bfc062723c751e8b465ee728b)  -> (artifact id: 'cab063a0311b703845a4e42999a8290e') in 0.017426 seconds 
  Import took 0.020818 seconds .

========================================================================
Received Import Request.
  Time since last request: 19.679552 seconds.
  path: Assets/Animations/Cat.controller
  artifactKey: Guid(db00188b82cd4ba4d8eb7b8581bd82c7) Importer(815301076,1909f56bfc062723c751e8b465ee728b)
Start importing Assets/Animations/Cat.controller using Guid(db00188b82cd4ba4d8eb7b8581bd82c7) Importer(815301076,1909f56bfc062723c751e8b465ee728b)  -> (artifact id: '3aaa8ae8576e90f6617a38d782281f6d') in 0.008896 seconds 
  Import took 0.012168 seconds .

========================================================================
Received Prepare
Registering precompiled user dll's ...
Registered in 0.548126 seconds.
Begin MonoManager ReloadAssembly
Native extension for WindowsStandalone target not found
Native extension for WebGL target not found
Refreshing native plugins compatible for Editor in 0.54 ms, found 3 plugins.
Preloading 0 native plugins for Editor in 0.00 ms.
Mono: successfully reloaded assembly
- Completed reload, in  1.217 seconds
Domain Reload Profiling:
	ReloadAssembly (1218ms)
		BeginReloadAssembly (146ms)
			ExecutionOrderSort (0ms)
			DisableScriptedObjects (7ms)
			BackupInstance (0ms)
			ReleaseScriptingObjects (0ms)
			CreateAndSetChildDomain (39ms)
		EndReloadAssembly (1001ms)
			LoadAssemblies (93ms)
			RebuildTransferFunctionScriptingTraits (0ms)
			SetupTypeCache (282ms)
			ReleaseScriptCaches (1ms)
			RebuildScriptCaches (42ms)
			SetupLoadedEditorAssemblies (473ms)
				LogAssemblyErrors (0ms)
				InitializePlatformSupportModulesInManaged (6ms)
				SetLoadedEditorAssemblies (0ms)
				RefreshPlugins (1ms)
				BeforeProcessingInitializeOnLoad (94ms)
				ProcessInitializeOnLoadAttributes (358ms)
				ProcessInitializeOnLoadMethodAttributes (6ms)
				AfterProcessingInitializeOnLoad (8ms)
				EditorAssembliesLoaded (0ms)
			ExecutionOrderSort2 (0ms)
			AwakeInstancesAfterBackupRestoration (11ms)
Platform modules already initialized, skipping
Refreshing native plugins compatible for Editor in 0.58 ms, found 3 plugins.
Preloading 0 native plugins for Editor in 0.00 ms.
Unloading 2082 Unused Serialized files (Serialized files now loaded: 0)
System memory in use before: 95.6 MB.
System memory in use after: 95.8 MB.

Unloading 16 unused Assets to reduce memory usage. Loaded Objects now: 2552.
Total: 3.526900 ms (FindLiveObjects: 0.229300 ms CreateObjectMapping: 0.047300 ms MarkObjects: 3.228800 ms  DeleteObjects: 0.020000 ms)

AssetImportParameters requested are different than current active one (requested -> active):
  custom:framework-win-MediaFoundation: 216162199b28c13a410421893ffa2e32 -> 
  custom:video-decoder-ogg-theora: a1e56fd34408186e4bbccfd4996cb3dc -> 
  custom:container-muxer-webm: aa71ff27fc2769a1b78a27578f13a17b -> 
  custom:container-demuxer-webm: 4f35f7cbe854078d1ac9338744f61a02 -> 
  custom:container-demuxer-ogg: 62fdf1f143b41e24485cea50d1cbac27 -> 
  custom:video-encoder-webm-vp8: eb34c28f22e8b96e1ab97ce403110664 -> 
  custom:video-decoder-webm-vp8: 9c59270c3fd7afecdb556c50c9e8de78 -> 
  custom:audio-decoder-ogg-vorbis: bf7c407c2cedff20999df2af8eb42d56 -> 
  custom:audio-encoder-webm-vorbis: bf7c407c2cedff20999df2af8eb42d56 -> 
========================================================================
Received Prepare
Registering precompiled user dll's ...
Registered in 0.004725 seconds.
Begin MonoManager ReloadAssembly
Native extension for WindowsStandalone target not found
Native extension for WebGL target not found
Refreshing native plugins compatible for Editor in 0.48 ms, found 3 plugins.
Preloading 0 native plugins for Editor in 0.00 ms.
Mono: successfully reloaded assembly
- Completed reload, in  1.166 seconds
Domain Reload Profiling:
	ReloadAssembly (1166ms)
		BeginReloadAssembly (131ms)
			ExecutionOrderSort (0ms)
			DisableScriptedObjects (7ms)
			BackupInstance (0ms)
			ReleaseScriptingObjects (0ms)
			CreateAndSetChildDomain (40ms)
		EndReloadAssembly (968ms)
			LoadAssemblies (93ms)
			RebuildTransferFunctionScriptingTraits (0ms)
			SetupTypeCache (340ms)
			ReleaseScriptCaches (1ms)
			RebuildScriptCaches (45ms)
			SetupLoadedEditorAssemblies (374ms)
				LogAssemblyErrors (0ms)
				InitializePlatformSupportModulesInManaged (6ms)
				SetLoadedEditorAssemblies (0ms)
				RefreshPlugins (1ms)
				BeforeProcessingInitializeOnLoad (90ms)
				ProcessInitializeOnLoadAttributes (263ms)
				ProcessInitializeOnLoadMethodAttributes (6ms)
				AfterProcessingInitializeOnLoad (9ms)
				EditorAssembliesLoaded (0ms)
			ExecutionOrderSort2 (0ms)
			AwakeInstancesAfterBackupRestoration (12ms)
Platform modules already initialized, skipping
Refreshing native plugins compatible for Editor in 0.55 ms, found 3 plugins.
Preloading 0 native plugins for Editor in 0.00 ms.
Unloading 2082 Unused Serialized files (Serialized files now loaded: 0)
System memory in use before: 95.6 MB.
System memory in use after: 95.8 MB.

Unloading 16 unused Assets to reduce memory usage. Loaded Objects now: 2555.
Total: 3.851400 ms (FindLiveObjects: 0.424500 ms CreateObjectMapping: 0.064800 ms MarkObjects: 3.337800 ms  DeleteObjects: 0.021800 ms)

AssetImportParameters requested are different than current active one (requested -> active):
  custom:framework-win-MediaFoundation: 216162199b28c13a410421893ffa2e32 -> 
  custom:video-decoder-ogg-theora: a1e56fd34408186e4bbccfd4996cb3dc -> 
  custom:container-muxer-webm: aa71ff27fc2769a1b78a27578f13a17b -> 
  custom:container-demuxer-webm: 4f35f7cbe854078d1ac9338744f61a02 -> 
  custom:container-demuxer-ogg: 62fdf1f143b41e24485cea50d1cbac27 -> 
  custom:video-encoder-webm-vp8: eb34c28f22e8b96e1ab97ce403110664 -> 
  custom:video-decoder-webm-vp8: 9c59270c3fd7afecdb556c50c9e8de78 -> 
  custom:audio-decoder-ogg-vorbis: bf7c407c2cedff20999df2af8eb42d56 -> 
  custom:audio-encoder-webm-vorbis: bf7c407c2cedff20999df2af8eb42d56 -> 
========================================================================
Received Import Request.
  Time since last request: 7389.631419 seconds.
  path: Assets/Scripts/CatController.cs
  artifactKey: Guid(b6f2919c8e9d01a4a8e3dbc534492742) Importer(815301076,1909f56bfc062723c751e8b465ee728b)
Start importing Assets/Scripts/CatController.cs using Guid(b6f2919c8e9d01a4a8e3dbc534492742) Importer(815301076,1909f56bfc062723c751e8b465ee728b)  -> (artifact id: '1d7e6f4f9590dd221371c09c53565702') in 0.009044 seconds 
  Import took 0.012441 seconds .

========================================================================
Received Prepare
Registering precompiled user dll's ...
Registered in 0.004766 seconds.
Begin MonoManager ReloadAssembly
Native extension for WindowsStandalone target not found
Native extension for WebGL target not found
Refreshing native plugins compatible for Editor in 0.48 ms, found 3 plugins.
Preloading 0 native plugins for Editor in 0.00 ms.
Mono: successfully reloaded assembly
- Completed reload, in  1.097 seconds
Domain Reload Profiling:
	ReloadAssembly (1098ms)
		BeginReloadAssembly (116ms)
			ExecutionOrderSort (0ms)
			DisableScriptedObjects (8ms)
			BackupInstance (0ms)
			ReleaseScriptingObjects (0ms)
			CreateAndSetChildDomain (34ms)
		EndReloadAssembly (911ms)
			LoadAssemblies (93ms)
			RebuildTransferFunctionScriptingTraits (0ms)
			SetupTypeCache (291ms)
			ReleaseScriptCaches (1ms)
			RebuildScriptCaches (42ms)
			SetupLoadedEditorAssemblies (373ms)
				LogAssemblyErrors (0ms)
				InitializePlatformSupportModulesInManaged (6ms)
				SetLoadedEditorAssemblies (0ms)
				RefreshPlugins (1ms)
				BeforeProcessingInitializeOnLoad (92ms)
				ProcessInitializeOnLoadAttributes (260ms)
				ProcessInitializeOnLoadMethodAttributes (5ms)
				AfterProcessingInitializeOnLoad (8ms)
				EditorAssembliesLoaded (0ms)
			ExecutionOrderSort2 (0ms)
			AwakeInstancesAfterBackupRestoration (11ms)
Platform modules already initialized, skipping
Refreshing native plugins compatible for Editor in 0.49 ms, found 3 plugins.
Preloading 0 native plugins for Editor in 0.00 ms.
Unloading 2082 Unused Serialized files (Serialized files now loaded: 0)
System memory in use before: 95.7 MB.
System memory in use after: 95.8 MB.

Unloading 16 unused Assets to reduce memory usage. Loaded Objects now: 2558.
Total: 3.324700 ms (FindLiveObjects: 0.227700 ms CreateObjectMapping: 0.046700 ms MarkObjects: 3.023400 ms  DeleteObjects: 0.025700 ms)

AssetImportParameters requested are different than current active one (requested -> active):
  custom:framework-win-MediaFoundation: 216162199b28c13a410421893ffa2e32 -> 
  custom:video-decoder-ogg-theora: a1e56fd34408186e4bbccfd4996cb3dc -> 
  custom:container-muxer-webm: aa71ff27fc2769a1b78a27578f13a17b -> 
  custom:container-demuxer-webm: 4f35f7cbe854078d1ac9338744f61a02 -> 
  custom:container-demuxer-ogg: 62fdf1f143b41e24485cea50d1cbac27 -> 
  custom:video-encoder-webm-vp8: eb34c28f22e8b96e1ab97ce403110664 -> 
  custom:video-decoder-webm-vp8: 9c59270c3fd7afecdb556c50c9e8de78 -> 
  custom:audio-decoder-ogg-vorbis: bf7c407c2cedff20999df2af8eb42d56 -> 
  custom:audio-encoder-webm-vorbis: bf7c407c2cedff20999df2af8eb42d56 -> 
========================================================================
Received Prepare
Registering precompiled user dll's ...
Registered in 0.004750 seconds.
Begin MonoManager ReloadAssembly
Native extension for WindowsStandalone target not found
Native extension for WebGL target not found
Refreshing native plugins compatible for Editor in 0.96 ms, found 3 plugins.
Preloading 0 native plugins for Editor in 0.00 ms.
Mono: successfully reloaded assembly
- Completed reload, in  1.466 seconds
Domain Reload Profiling:
	ReloadAssembly (1466ms)
		BeginReloadAssembly (119ms)
			ExecutionOrderSort (0ms)
			DisableScriptedObjects (7ms)
			BackupInstance (0ms)
			ReleaseScriptingObjects (0ms)
			CreateAndSetChildDomain (32ms)
		EndReloadAssembly (1278ms)
			LoadAssemblies (94ms)
			RebuildTransferFunctionScriptingTraits (0ms)
			SetupTypeCache (330ms)
			ReleaseScriptCaches (1ms)
			RebuildScriptCaches (53ms)
			SetupLoadedEditorAssemblies (607ms)
				LogAssemblyErrors (0ms)
				InitializePlatformSupportModulesInManaged (16ms)
				SetLoadedEditorAssemblies (1ms)
				RefreshPlugins (1ms)
				BeforeProcessingInitializeOnLoad (138ms)
				ProcessInitializeOnLoadAttributes (435ms)
				ProcessInitializeOnLoadMethodAttributes (7ms)
				AfterProcessingInitializeOnLoad (9ms)
				EditorAssembliesLoaded (0ms)
			ExecutionOrderSort2 (0ms)
			AwakeInstancesAfterBackupRestoration (12ms)
Platform modules already initialized, skipping
Refreshing native plugins compatible for Editor in 0.51 ms, found 3 plugins.
Preloading 0 native plugins for Editor in 0.00 ms.
Unloading 2082 Unused Serialized files (Serialized files now loaded: 0)
System memory in use before: 95.7 MB.
System memory in use after: 95.8 MB.

Unloading 16 unused Assets to reduce memory usage. Loaded Objects now: 2561.
Total: 3.308900 ms (FindLiveObjects: 0.230800 ms CreateObjectMapping: 0.047100 ms MarkObjects: 3.003600 ms  DeleteObjects: 0.025600 ms)

AssetImportParameters requested are different than current active one (requested -> active):
  custom:framework-win-MediaFoundation: 216162199b28c13a410421893ffa2e32 -> 
  custom:video-decoder-ogg-theora: a1e56fd34408186e4bbccfd4996cb3dc -> 
  custom:container-muxer-webm: aa71ff27fc2769a1b78a27578f13a17b -> 
  custom:container-demuxer-webm: 4f35f7cbe854078d1ac9338744f61a02 -> 
  custom:container-demuxer-ogg: 62fdf1f143b41e24485cea50d1cbac27 -> 
  custom:video-encoder-webm-vp8: eb34c28f22e8b96e1ab97ce403110664 -> 
  custom:video-decoder-webm-vp8: 9c59270c3fd7afecdb556c50c9e8de78 -> 
  custom:audio-decoder-ogg-vorbis: bf7c407c2cedff20999df2af8eb42d56 -> 
  custom:audio-encoder-webm-vorbis: bf7c407c2cedff20999df2af8eb42d56 -> 
========================================================================
Received Prepare
Refreshing native plugins compatible for Editor in 4.51 ms, found 3 plugins.
Preloading 0 native plugins for Editor in 0.00 ms.
Unloading 14 Unused Serialized files (Serialized files now loaded: 0)
System memory in use before: 54.8 MB.
System memory in use after: 54.9 MB.

Unloading 14 unused Assets to reduce memory usage. Loaded Objects now: 2561.
Total: 3.268700 ms (FindLiveObjects: 0.197500 ms CreateObjectMapping: 0.045000 ms MarkObjects: 3.008400 ms  DeleteObjects: 0.017100 ms)

AssetImportParameters requested are different than current active one (requested -> active):
  custom:framework-win-MediaFoundation: 216162199b28c13a410421893ffa2e32 -> 
  custom:video-decoder-ogg-theora: a1e56fd34408186e4bbccfd4996cb3dc -> 
  custom:container-muxer-webm: aa71ff27fc2769a1b78a27578f13a17b -> 
  custom:container-demuxer-webm: 4f35f7cbe854078d1ac9338744f61a02 -> 
  custom:container-demuxer-ogg: 62fdf1f143b41e24485cea50d1cbac27 -> 
  custom:video-encoder-webm-vp8: eb34c28f22e8b96e1ab97ce403110664 -> 
  custom:video-decoder-webm-vp8: 9c59270c3fd7afecdb556c50c9e8de78 -> 
  custom:audio-decoder-ogg-vorbis: bf7c407c2cedff20999df2af8eb42d56 -> 
  custom:audio-encoder-webm-vorbis: bf7c407c2cedff20999df2af8eb42d56 -> 
========================================================================
Received Prepare
Registering precompiled user dll's ...
Registered in 0.004943 seconds.
Begin MonoManager ReloadAssembly
Native extension for WindowsStandalone target not found
Native extension for WebGL target not found
Refreshing native plugins compatible for Editor in 0.63 ms, found 3 plugins.
Preloading 0 native plugins for Editor in 0.00 ms.
Mono: successfully reloaded assembly
- Completed reload, in  1.393 seconds
Domain Reload Profiling:
	ReloadAssembly (1394ms)
		BeginReloadAssembly (121ms)
			ExecutionOrderSort (0ms)
			DisableScriptedObjects (7ms)
			BackupInstance (0ms)
			ReleaseScriptingObjects (0ms)
			CreateAndSetChildDomain (35ms)
		EndReloadAssembly (1199ms)
			LoadAssemblies (97ms)
			RebuildTransferFunctionScriptingTraits (0ms)
			SetupTypeCache (460ms)
			ReleaseScriptCaches (1ms)
			RebuildScriptCaches (49ms)
			SetupLoadedEditorAssemblies (421ms)
				LogAssemblyErrors (0ms)
				InitializePlatformSupportModulesInManaged (9ms)
				SetLoadedEditorAssemblies (1ms)
				RefreshPlugins (1ms)
				BeforeProcessingInitializeOnLoad (111ms)
				ProcessInitializeOnLoadAttributes (285ms)
				ProcessInitializeOnLoadMethodAttributes (5ms)
				AfterProcessingInitializeOnLoad (9ms)
				EditorAssembliesLoaded (0ms)
			ExecutionOrderSort2 (0ms)
			AwakeInstancesAfterBackupRestoration (11ms)
Platform modules already initialized, skipping
Refreshing native plugins compatible for Editor in 1.44 ms, found 3 plugins.
Preloading 0 native plugins for Editor in 0.00 ms.
Unloading 2082 Unused Serialized files (Serialized files now loaded: 0)
System memory in use before: 95.7 MB.
System memory in use after: 95.8 MB.

Unloading 16 unused Assets to reduce memory usage. Loaded Objects now: 2564.
Total: 19.432700 ms (FindLiveObjects: 0.397300 ms CreateObjectMapping: 0.115500 ms MarkObjects: 18.730900 ms  DeleteObjects: 0.185200 ms)

AssetImportParameters requested are different than current active one (requested -> active):
  custom:framework-win-MediaFoundation: 216162199b28c13a410421893ffa2e32 -> 
  custom:video-decoder-ogg-theora: a1e56fd34408186e4bbccfd4996cb3dc -> 
  custom:container-muxer-webm: aa71ff27fc2769a1b78a27578f13a17b -> 
  custom:container-demuxer-webm: 4f35f7cbe854078d1ac9338744f61a02 -> 
  custom:container-demuxer-ogg: 62fdf1f143b41e24485cea50d1cbac27 -> 
  custom:video-encoder-webm-vp8: eb34c28f22e8b96e1ab97ce403110664 -> 
  custom:video-decoder-webm-vp8: 9c59270c3fd7afecdb556c50c9e8de78 -> 
  custom:audio-decoder-ogg-vorbis: bf7c407c2cedff20999df2af8eb42d56 -> 
  custom:audio-encoder-webm-vorbis: bf7c407c2cedff20999df2af8eb42d56 -> 
========================================================================
Received Prepare
Refreshing native plugins compatible for Editor in 4.45 ms, found 3 plugins.
Preloading 0 native plugins for Editor in 0.00 ms.
Unloading 14 Unused Serialized files (Serialized files now loaded: 0)
System memory in use before: 54.8 MB.
System memory in use after: 54.9 MB.

Unloading 14 unused Assets to reduce memory usage. Loaded Objects now: 2564.
Total: 3.094400 ms (FindLiveObjects: 0.198200 ms CreateObjectMapping: 0.048600 ms MarkObjects: 2.833300 ms  DeleteObjects: 0.013500 ms)

AssetImportParameters requested are different than current active one (requested -> active):
  custom:framework-win-MediaFoundation: 216162199b28c13a410421893ffa2e32 -> 
  custom:video-decoder-ogg-theora: a1e56fd34408186e4bbccfd4996cb3dc -> 
  custom:container-muxer-webm: aa71ff27fc2769a1b78a27578f13a17b -> 
  custom:container-demuxer-webm: 4f35f7cbe854078d1ac9338744f61a02 -> 
  custom:container-demuxer-ogg: 62fdf1f143b41e24485cea50d1cbac27 -> 
  custom:video-encoder-webm-vp8: eb34c28f22e8b96e1ab97ce403110664 -> 
  custom:video-decoder-webm-vp8: 9c59270c3fd7afecdb556c50c9e8de78 -> 
  custom:audio-decoder-ogg-vorbis: bf7c407c2cedff20999df2af8eb42d56 -> 
  custom:audio-encoder-webm-vorbis: bf7c407c2cedff20999df2af8eb42d56 -> 
========================================================================
Received Prepare
Refreshing native plugins compatible for Editor in 4.40 ms, found 3 plugins.
Preloading 0 native plugins for Editor in 0.00 ms.
Unloading 14 Unused Serialized files (Serialized files now loaded: 0)
System memory in use before: 54.8 MB.
System memory in use after: 54.9 MB.

Unloading 14 unused Assets to reduce memory usage. Loaded Objects now: 2564.
Total: 3.250200 ms (FindLiveObjects: 0.194900 ms CreateObjectMapping: 0.045500 ms MarkObjects: 2.994700 ms  DeleteObjects: 0.014300 ms)

AssetImportParameters requested are different than current active one (requested -> active):
  custom:framework-win-MediaFoundation: 216162199b28c13a410421893ffa2e32 -> 
  custom:video-decoder-ogg-theora: a1e56fd34408186e4bbccfd4996cb3dc -> 
  custom:container-muxer-webm: aa71ff27fc2769a1b78a27578f13a17b -> 
  custom:container-demuxer-webm: 4f35f7cbe854078d1ac9338744f61a02 -> 
  custom:container-demuxer-ogg: 62fdf1f143b41e24485cea50d1cbac27 -> 
  custom:video-encoder-webm-vp8: eb34c28f22e8b96e1ab97ce403110664 -> 
  custom:video-decoder-webm-vp8: 9c59270c3fd7afecdb556c50c9e8de78 -> 
  custom:audio-decoder-ogg-vorbis: bf7c407c2cedff20999df2af8eb42d56 -> 
  custom:audio-encoder-webm-vorbis: bf7c407c2cedff20999df2af8eb42d56 -> 
AssetImportWorkerClient::OnTransportError - code=2 error=End of file
